Base path: C:/Program Files/Unity/Editor/Data
Cmd: getPlatforms
Cmd: preprocess
  insize=447 outsize=447 ok=1
Cmd: preprocess
  error: 1 plat 19 at (0): texcoord2 missing from surface shader's vertex input struct (appdata), disabled dynamic GI and meta pass generation
  insize=1584 outsize=1710 ok=1
Cmd: preprocess
  insize=818 outsize=818 ok=1
Cmd: preprocess
  error: 1 plat 19 at (0): texcoord2 missing from surface shader's vertex input struct (appdata), disabled dynamic GI and meta pass generation
  insize=1423 outsize=1655 ok=1
Cmd: preprocess
  insize=1048 outsize=943 ok=1
Cmd: preprocess
  insize=472 outsize=472 ok=1
Cmd: preprocess
  insize=835 outsize=835 ok=1
Cmd: preprocess
  insize=730 outsize=730 ok=1
Cmd: preprocess
  insize=608 outsize=608 ok=1
Cmd: preprocess
  insize=1576 outsize=943 ok=1
Cmd: preprocess
  insize=3056 outsize=1727 ok=1
Cmd: preprocess
  insize=1342 outsize=504 ok=1
Cmd: preprocess
  insize=1306 outsize=493 ok=1
Cmd: preprocess
  insize=1355 outsize=1355 ok=1
Cmd: preprocess
  insize=316 outsize=316 ok=1
Cmd: preprocess
  insize=1500 outsize=635 ok=1
Cmd: preprocess
  insize=634 outsize=634 ok=1
Cmd: preprocess
  insize=963 outsize=963 ok=1
Cmd: preprocess
  insize=1725 outsize=975 ok=1
Cmd: compileSnippet
  api=4 type=0 insize=1292 outsize=838 kw= pd=UNITY_ENABLE_REFLECTION_BUFFERS UNITY_PBS_USE_BRDF1 UNITY_SPECCUBE_BOX_PROJECTION UNITY_SPECCUBE_BLENDING SHADER_API_DESKTOP UNITY_COLORSPACE_GAMMA ok=1
Cmd: compileSnippet
  api=4 type=1 insize=1292 outsize=838 kw= pd=UNITY_ENABLE_REFLECTION_BUFFERS UNITY_PBS_USE_BRDF1 UNITY_SPECCUBE_BOX_PROJECTION UNITY_SPECCUBE_BLENDING SHADER_API_DESKTOP UNITY_COLORSPACE_GAMMA ok=1
Cmd: compileSnippet
  api=4 type=0 insize=1066 outsize=678 kw= pd=UNITY_ENABLE_REFLECTION_BUFFERS UNITY_PBS_USE_BRDF1 UNITY_SPECCUBE_BOX_PROJECTION UNITY_SPECCUBE_BLENDING SHADER_API_DESKTOP UNITY_COLORSPACE_GAMMA ok=1
Cmd: compileSnippet
  api=4 type=1 insize=1066 outsize=262 kw= pd=UNITY_ENABLE_REFLECTION_BUFFERS UNITY_PBS_USE_BRDF1 UNITY_SPECCUBE_BOX_PROJECTION UNITY_SPECCUBE_BLENDING SHADER_API_DESKTOP UNITY_COLORSPACE_GAMMA ok=1
Cmd: compileSnippet
  api=4 type=0 insize=1023 outsize=2550 kw=DIRECTIONAL VERTEXLIGHT_ON pd=UNITY_ENABLE_REFLECTION_BUFFERS UNITY_PBS_USE_BRDF1 UNITY_SPECCUBE_BOX_PROJECTION UNITY_SPECCUBE_BLENDING SHADER_API_DESKTOP UNITY_COLORSPACE_GAMMA ok=1
Cmd: compileSnippet
  api=4 type=0 insize=1023 outsize=2550 kw=DIRECTIONAL _EMISSION VERTEXLIGHT_ON pd=UNITY_ENABLE_REFLECTION_BUFFERS UNITY_PBS_USE_BRDF1 UNITY_SPECCUBE_BOX_PROJECTION UNITY_SPECCUBE_BLENDING SHADER_API_DESKTOP UNITY_COLORSPACE_GAMMA ok=1
Cmd: compileSnippet
  api=4 type=0 insize=6957 outsize=2518 kw=DIRECTIONAL VERTEXLIGHT_ON pd=UNITY_ENABLE_REFLECTION_BUFFERS UNITY_PBS_USE_BRDF1 UNITY_SPECCUBE_BOX_PROJECTION UNITY_SPECCUBE_BLENDING SHADER_API_DESKTOP UNITY_COLORSPACE_GAMMA ok=1
